INFO [2017-11-28 20:15:42] Info for blue in class 'Lab', method 'initialize. NAAccepted visitor, VValidator at 2017-11-28 20:15:42
INFO [2017-11-28 20:35:44] Info for blue in class 'Lab', method 'initialize. NAAccepted visitor, VValidatorInit at 2017-11-28 20:35:44
INFO [2017-11-28 20:39:27] Info for blue in class 'Lab', method 'initialize. NAAccepted visitor, VValidatorInit at 2017-11-28 20:39:27
INFO [2017-11-28 20:45:04] Info for blue in class 'Lab', method 'initialize. NAAccepted visitor, VValidatorInit at 2017-11-28 20:45:04
INFO [2017-11-28 20:47:39] Info for blue in class 'Lab', method 'initialize. NAAccepted visitor, VValidatorInit at 2017-11-28 20:47:39
INFO [2017-11-28 20:48:48] Info for blue in class 'Lab', method 'initialize. NAAccepted visitor, VValidatorInit at 2017-11-28 20:48:48
INFO [2017-11-28 20:50:26] Info for blue in class 'Lab', method 'initialize. NAAccepted visitor, VValidatorInit at 2017-11-28 20:50:26
INFO [2017-11-28 20:50:26] Info for blue in class 'Lab', method 'initialize. NACannot create Lab object, blue. Object of class Lab can not have an object of class NULL as a parent. See ?Lab for further assistance
INFO [2017-11-28 21:01:48] Info for blue in class 'Lab', method 'initialize. NAAccepted visitor, VValidatorInit at 2017-11-28 21:01:48
INFO [2017-11-28 21:28:22] Info for blue in class 'Lab', method 'initialize. Accepted visitor, VValidatorInit at 2017-11-28 21:28:22
INFO [2017-11-28 21:28:22] Info for blue in class 'Lab', method 'initialize. Initialized Lab: blue
INFO [2017-11-28 21:28:22] Info for blue in class 'Lab', method 'initialize. Accepted visitor, VValidatorInit at 2017-11-28 21:28:22
INFO [2017-11-28 21:28:54] Info for blue in class 'Lab', method 'initialize. Accepted visitor, VValidatorInit at 2017-11-28 21:28:54
INFO [2017-11-28 21:28:54] Info for blue in class 'Lab', method 'initialize. Initialized Lab: blue
INFO [2017-11-28 21:28:54] Info for labTests$logs in class 'Lab', method 'initiate. Successfully created lab: blue
INFO [2017-11-28 21:29:27] Info for blue in class 'Lab', method 'initialize. Accepted visitor, VValidatorInit at 2017-11-28 21:29:27
INFO [2017-11-28 21:29:27] Info for blue in class 'Lab', method 'initialize. Initialized Lab: blue
INFO [2017-11-28 21:29:27] Info for labTests$logs in class 'Lab', method 'initiate. Successfully created lab: blue
INFO [2017-11-28 21:29:44] Info for blue in class 'Lab', method 'initialize. Accepted visitor, VValidatorInit at 2017-11-28 21:29:44
INFO [2017-11-28 21:29:44] Info for blue in class 'Lab', method 'initialize. Initialized Lab: blue
INFO [2017-11-28 21:29:44] Info for labTests$logs in class 'Lab', method 'initiate. Successfully created lab: blue
INFO [2017-11-28 21:30:04] Info for blue in class 'Lab', method 'initialize. Accepted visitor, VValidatorInit at 2017-11-28 21:30:04
INFO [2017-11-28 21:30:04] Info for blue in class 'Lab', method 'initialize. Initialized Lab: blue
INFO [2017-11-28 21:30:04] Info for labTests$logs in class 'Lab', method 'initiate. Successfully created lab: blue
INFO [2017-11-28 21:30:25] Info for blue in class 'Lab', method 'initialize. Accepted visitor, VValidatorInit at 2017-11-28 21:30:25
INFO [2017-11-28 21:30:25] Info for blue in class 'Lab', method 'initialize. Initialized Lab: blue
INFO [2017-11-28 21:30:25] Info for labTests$logs in class 'Lab', method 'initiate. Successfully created lab: blue
INFO [2017-11-28 22:12:19] Info for blue in class 'Lab', method 'initialize. Accepted visitor, VValidatorInit at 2017-11-28 22:12:19
INFO [2017-11-28 22:12:19] Info for blue in class 'Lab', method 'initialize. Initialized Lab: blue
INFO [2017-11-28 22:12:19] Info for labTests$logs in class 'Lab', method 'initiate. Successfully created lab: blue
INFO [2017-11-28 23:12:01] Info for blue in class 'Lab', method 'initialize. Accepted visitor, VValidatorInit at 2017-11-28 23:12:01
INFO [2017-11-28 23:12:47] Info for blue in class 'Lab', method 'initialize. Accepted visitor, VValidatorInit at 2017-11-28 23:12:47
INFO [2017-11-28 23:12:47] Info for blue in class 'Lab', method 'initialize. Initialized Lab: blue
INFO [2017-11-28 23:21:09] Info for blue in class 'Lab', method 'initialize. Accepted visitor, VValidatorInit at 2017-11-28 23:21:09
INFO [2017-11-28 23:21:09] Info for blue in class 'Lab', method 'initialize. Initialized Lab: blue
INFO [2017-11-28 23:21:35] Info for blue in class 'Lab', method 'initialize. Accepted visitor, VValidatorInit at 2017-11-28 23:21:35
INFO [2017-11-28 23:21:35] Info for blue in class 'Lab', method 'initialize. Initialized Lab: blue
INFO [2017-11-28 23:21:35] Info for labTests$logs in class 'Lab', method 'initiate. Successfully created lab: blue
INFO [2017-11-28 23:24:55] Info for blue in class 'Lab', method 'initialize. Accepted visitor, VValidatorInit at 2017-11-28 23:24:55
INFO [2017-11-28 23:25:25] Info for blue in class 'Lab', method 'initialize. Accepted visitor, VValidatorInit at 2017-11-28 23:25:25
INFO [2017-11-28 23:25:25] Info for blue in class 'Lab', method 'initialize. Initialized Lab: blue
INFO [2017-11-28 23:39:34] Info for blue in class 'Lab', method 'initialize. Accepted visitor, VValidatorInit at 2017-11-28 23:39:34
INFO [2017-11-28 23:39:34] Info for blue in class 'Lab', method 'initialize. Initialized Lab: blue
INFO [2017-11-28 23:43:12] Info for blue in class 'Lab', method 'initialize. Accepted visitor, VValidatorInit at 2017-11-28 23:43:12
INFO [2017-11-28 23:43:12] Info for blue in class 'Lab', method 'initialize. Initialized Lab: blue
INFO [2017-11-28 23:47:17] Info for blue in class 'Lab', method 'initialize. Accepted visitor, VValidatorInit at 2017-11-28 23:47:17
INFO [2017-11-28 23:47:17] Info for blue in class 'Lab', method 'initialize. Initialized Lab: blue
INFO [2017-11-28 23:50:00] Info for blue in class 'Lab', method 'initialize. Accepted visitor, VValidatorInit at 2017-11-28 23:50:00
INFO [2017-11-28 23:50:00] Info for blue in class 'Lab', method 'initialize. Initialized Lab: blue
INFO [2017-11-28 23:53:15] Info for blue in class 'Lab', method 'initialize. Accepted visitor, VValidatorInit at 2017-11-28 23:53:15
INFO [2017-11-28 23:53:15] Info for blue in class 'Lab', method 'initialize. Initialized Lab: blue
INFO [2017-11-28 23:53:44] Info for blue in class 'Lab', method 'initialize. Accepted visitor, VValidatorInit at 2017-11-28 23:53:44
INFO [2017-11-28 23:53:44] Info for blue in class 'Lab', method 'initialize. Initialized Lab: blue
INFO [2017-11-29 13:50:59] Info for blue in class 'Lab', method 'initialize. Accepted visitor, VValidatorInit at 2017-11-29 13:50:59
INFO [2017-11-29 13:50:59] Info for blue in class 'Lab', method 'initialize. Initialized Lab: blue
INFO [2017-11-29 13:51:33] Info for blue in class 'Lab', method 'initialize. Accepted visitor, VValidatorInit at 2017-11-29 13:51:33
INFO [2017-11-29 13:51:33] Info for blue in class 'Lab', method 'initialize. Initialized Lab: blue
INFO [2017-11-29 13:53:02] Info for blue in class 'Lab', method 'initialize. Accepted visitor, VValidatorInit at 2017-11-29 13:53:02
INFO [2017-11-29 13:53:02] Info for blue in class 'Lab', method 'initialize. Initialized Lab: blue
INFO [2017-11-29 13:53:56] Info for blue in class 'Lab', method 'initialize. Accepted visitor, VValidatorInit at 2017-11-29 13:53:56
INFO [2017-11-29 13:53:56] Info for blue in class 'Lab', method 'initialize. Initialized Lab: blue
INFO [2017-11-29 13:55:01] Info for blue in class 'Lab', method 'initialize. Accepted visitor, VValidatorInit at 2017-11-29 13:55:01
INFO [2017-11-29 13:55:01] Info for blue in class 'Lab', method 'initialize. Initialized Lab: blue
INFO [2017-11-29 14:02:10] Info for blue in class 'Lab', method 'initialize. Accepted visitor, VValidatorInit at 2017-11-29 14:02:10
INFO [2017-11-29 14:02:10] Info for blue in class 'Lab', method 'initialize. Initialized Lab: blue
INFO [2017-11-29 16:22:52] Info for blue in class 'Lab', method 'initialize. Accepted visitor, VValidatorInit at 2017-11-29 16:22:52
INFO [2017-11-29 16:22:52] Info for blue in class 'Lab', method 'initialize. Initialized Lab: blue
INFO [2017-11-29 16:23:35] Info for blue in class 'Lab', method 'initialize. Accepted visitor, VValidatorInit at 2017-11-29 16:23:35
INFO [2017-11-29 16:23:35] Info for blue in class 'Lab', method 'initialize. Initialized Lab: blue
INFO [2017-11-29 16:24:22] Info for blue in class 'Lab', method 'initialize. Accepted visitor, VValidatorInit at 2017-11-29 16:24:22
INFO [2017-11-29 16:24:22] Info for blue in class 'Lab', method 'initialize. Initialized Lab: blue
INFO [2017-11-29 16:24:44] Info for blue in class 'Lab', method 'initialize. Accepted visitor, VValidatorInit at 2017-11-29 16:24:44
INFO [2017-11-29 16:24:44] Info for blue in class 'Lab', method 'initialize. Initialized Lab: blue
INFO [2017-11-29 16:24:59] Info for blue in class 'Lab', method 'initialize. Accepted visitor, VValidatorInit at 2017-11-29 16:24:59
INFO [2017-11-29 16:24:59] Info for blue in class 'Lab', method 'initialize. Initialized Lab: blue
INFO [2017-11-29 16:38:31] Info for blue in class 'Lab', method 'initialize. Accepted visitor, VValidatorInit at 2017-11-29 16:38:31
INFO [2017-11-29 16:38:31] Info for blue in class 'Lab', method 'initialize. Initialized Lab: blue
INFO [2017-11-29 16:39:05] Info for blue in class 'Lab', method 'initialize. Accepted visitor, VValidatorInit at 2017-11-29 16:39:05
INFO [2017-11-29 16:39:05] Info for blue in class 'Lab', method 'initialize. Initialized Lab: blue
INFO [2017-11-29 16:40:15] Info for blue in class 'Lab', method 'initialize. Accepted visitor, VValidatorInit at 2017-11-29 16:40:15
INFO [2017-11-29 16:40:15] Info for blue in class 'Lab', method 'initialize. Initialized Lab: blue
INFO [2017-11-29 16:42:32] Info for blue in class 'Lab', method 'initialize. Accepted visitor, VValidatorInit at 2017-11-29 16:42:32
INFO [2017-11-29 16:42:32] Info for blue in class 'Lab', method 'initialize. Initialized Lab: blue
INFO [2017-11-29 16:43:06] Info for blue in class 'Lab', method 'initialize. Accepted visitor, VValidatorInit at 2017-11-29 16:43:06
INFO [2017-11-29 16:43:06] Info for blue in class 'Lab', method 'initialize. Initialized Lab: blue
INFO [2017-11-29 16:43:34] Info for blue in class 'Lab', method 'initialize. Accepted visitor, VValidatorInit at 2017-11-29 16:43:34
INFO [2017-11-29 16:43:34] Info for blue in class 'Lab', method 'initialize. Initialized Lab: blue
INFO [2017-11-29 16:44:15] Info for blue in class 'Lab', method 'initialize. Accepted visitor, VValidatorInit at 2017-11-29 16:44:15
INFO [2017-11-29 16:44:15] Info for blue in class 'Lab', method 'initialize. Initialized Lab: blue
INFO [2017-11-29 16:44:46] Info for blue in class 'Lab', method 'initialize. Accepted visitor, VValidatorInit at 2017-11-29 16:44:46
INFO [2017-11-29 16:44:46] Info for blue in class 'Lab', method 'initialize. Initialized Lab: blue
INFO [2017-11-29 16:45:30] Info for blue in class 'Lab', method 'initialize. Accepted visitor, VValidatorInit at 2017-11-29 16:45:30
INFO [2017-11-29 16:45:30] Info for blue in class 'Lab', method 'initialize. Initialized Lab: blue
INFO [2017-11-29 16:47:12] Info for blue in class 'Lab', method 'initialize. Accepted visitor, VValidatorInit at 2017-11-29 16:47:12
INFO [2017-11-29 16:47:12] Info for blue in class 'Lab', method 'initialize. Initialized Lab: blue
INFO [2017-11-29 16:48:28] Info for blue in class 'Lab', method 'initialize. Accepted visitor, VValidatorInit at 2017-11-29 16:48:28
INFO [2017-11-29 16:48:28] Info for blue in class 'Lab', method 'initialize. Initialized Lab: blue
INFO [2017-11-29 16:48:54] Info for blue in class 'Lab', method 'initialize. Accepted visitor, VValidatorInit at 2017-11-29 16:48:54
INFO [2017-11-29 16:48:54] Info for blue in class 'Lab', method 'initialize. Initialized Lab: blue
INFO [2017-11-29 16:49:06] Info for blue in class 'Lab', method 'initialize. Accepted visitor, VValidatorInit at 2017-11-29 16:49:06
INFO [2017-11-29 16:49:06] Info for blue in class 'Lab', method 'initialize. Initialized Lab: blue
