INFO [2017-11-29 13:51:34] Info for beats in class 'Lab', method 'initialize. Accepted visitor, VValidatorInit at 2017-11-29 13:51:34
INFO [2017-11-29 13:51:34] Info for beats in class 'Lab', method 'initialize. Initialized Lab: beats
INFO [2017-11-29 13:53:02] Info for beats in class 'Lab', method 'initialize. Accepted visitor, VValidatorInit at 2017-11-29 13:53:02
INFO [2017-11-29 13:53:56] Info for beats in class 'Lab', method 'initialize. Accepted visitor, VValidatorInit at 2017-11-29 13:53:56
INFO [2017-11-29 13:53:56] Info for beats in class 'Lab', method 'initialize. Initialized Lab: beats
INFO [2017-11-29 13:55:01] Info for beats in class 'Lab', method 'initialize. Accepted visitor, VValidatorInit at 2017-11-29 13:55:01
INFO [2017-11-29 13:55:01] Info for beats in class 'Lab', method 'initialize. Initialized Lab: beats
INFO [2017-11-29 13:55:01] Info for nlpStudio in class 'NLPStudio', method 'initialize. Accepted visitor, VValidatorAddChild at 2017-11-29 13:55:01
INFO [2017-11-29 13:55:02] Info for nlpStudio in class 'NLPStudio', method 'initialize. Accepted visitor, VValidatorAddChild at 2017-11-29 13:55:01
INFO [2017-11-29 13:55:02] Info for nlpStudioTests$logs in class 'NLPStudio', method 'addChild. blue lab successfully added to NLPStudio.
INFO [2017-11-29 14:02:10] Info for beats in class 'Lab', method 'initialize. Accepted visitor, VValidatorInit at 2017-11-29 14:02:10
INFO [2017-11-29 16:22:52] Info for beats in class 'Lab', method 'initialize. Accepted visitor, VValidatorInit at 2017-11-29 16:22:52
INFO [2017-11-29 16:23:35] Info for beats in class 'Lab', method 'initialize. Accepted visitor, VValidatorInit at 2017-11-29 16:23:35
INFO [2017-11-29 16:23:35] Info for beats in class 'Lab', method 'initialize. Initialized Lab: beats
INFO [2017-11-29 16:23:35] Info for nlpStudio in class 'NLPStudio', method 'initialize. Accepted visitor, VValidatorAddChild at 2017-11-29 16:23:35
INFO [2017-11-29 16:23:35] Info for nlpStudio in class 'NLPStudio', method 'initialize. Accepted visitor, VValidatorAddChild at 2017-11-29 16:23:35
INFO [2017-11-29 16:23:35] Info for nlpStudioTests$logs in class 'NLPStudio', method 'addChild. blue lab successfully added to NLPStudio.
INFO [2017-11-29 16:24:22] Info for beats in class 'Lab', method 'initialize. Accepted visitor, VValidatorInit at 2017-11-29 16:24:22
INFO [2017-11-29 16:24:22] Info for beats in class 'Lab', method 'initialize. Initialized Lab: beats
INFO [2017-11-29 16:24:22] Info for nlpStudio in class 'NLPStudio', method 'initialize. Accepted visitor, VValidatorAddChild at 2017-11-29 16:24:22
INFO [2017-11-29 16:24:22] Info for nlpStudio in class 'NLPStudio', method 'initialize. Accepted visitor, VValidatorAddChild at 2017-11-29 16:24:22
INFO [2017-11-29 16:24:22] Info for nlpStudioTests$logs in class 'NLPStudio', method 'addChild. blue lab successfully added to NLPStudio.
INFO [2017-11-29 16:24:44] Info for beats in class 'Lab', method 'initialize. Accepted visitor, VValidatorInit at 2017-11-29 16:24:44
INFO [2017-11-29 16:24:44] Info for beats in class 'Lab', method 'initialize. Initialized Lab: beats
INFO [2017-11-29 16:24:44] Info for nlpStudio in class 'NLPStudio', method 'initialize. Accepted visitor, VValidatorAddChild at 2017-11-29 16:24:44
INFO [2017-11-29 16:24:44] Info for nlpStudio in class 'NLPStudio', method 'initialize. Accepted visitor, VValidatorAddChild at 2017-11-29 16:24:44
INFO [2017-11-29 16:24:44] Info for nlpStudioTests$logs in class 'NLPStudio', method 'addChild. blue lab successfully added to NLPStudio.
INFO [2017-11-29 16:24:59] Info for beats in class 'Lab', method 'initialize. Accepted visitor, VValidatorInit at 2017-11-29 16:24:59
INFO [2017-11-29 16:24:59] Info for beats in class 'Lab', method 'initialize. Initialized Lab: beats
INFO [2017-11-29 16:24:59] Info for nlpStudio in class 'NLPStudio', method 'initialize. Accepted visitor, VValidatorAddChild at 2017-11-29 16:24:59
INFO [2017-11-29 16:24:59] Info for nlpStudio in class 'NLPStudio', method 'initialize. Accepted visitor, VValidatorAddChild at 2017-11-29 16:24:59
INFO [2017-11-29 16:24:59] Info for nlpStudioTests$logs in class 'NLPStudio', method 'addChild. blue lab successfully added to NLPStudio.
INFO [2017-11-29 16:38:31] Info for beats in class 'Lab', method 'initialize. Accepted visitor, VValidatorInit at 2017-11-29 16:38:31
INFO [2017-11-29 16:38:31] Info for beats in class 'Lab', method 'initialize. Initialized Lab: beats
INFO [2017-11-29 16:38:31] Info for nlpStudio in class 'NLPStudio', method 'initialize. Accepted visitor, VValidatorAddChild at 2017-11-29 16:38:31
INFO [2017-11-29 16:38:31] Info for nlpStudio in class 'NLPStudio', method 'initialize. Accepted visitor, VValidatorAddChild at 2017-11-29 16:38:31
INFO [2017-11-29 16:38:31] Info for nlpStudioTests$logs in class 'NLPStudio', method 'addChild. blue lab successfully added to NLPStudio.
INFO [2017-11-29 16:38:31] Info for nlpStudio in class 'NLPStudio', method 'initialize. Current lab changed to blue. 
INFO [2017-11-29 16:39:05] Info for beats in class 'Lab', method 'initialize. Accepted visitor, VValidatorInit at 2017-11-29 16:39:05
INFO [2017-11-29 16:39:05] Info for beats in class 'Lab', method 'initialize. Initialized Lab: beats
INFO [2017-11-29 16:39:05] Info for nlpStudio in class 'NLPStudio', method 'initialize. Accepted visitor, VValidatorAddChild at 2017-11-29 16:39:05
INFO [2017-11-29 16:39:05] Info for nlpStudio in class 'NLPStudio', method 'initialize. Accepted visitor, VValidatorAddChild at 2017-11-29 16:39:05
INFO [2017-11-29 16:39:05] Info for nlpStudioTests$logs in class 'NLPStudio', method 'addChild. blue lab successfully added to NLPStudio.
INFO [2017-11-29 16:39:05] Info for nlpStudio in class 'NLPStudio', method 'initialize. Current lab changed to blue. 
INFO [2017-11-29 16:40:16] Info for beats in class 'Lab', method 'initialize. Accepted visitor, VValidatorInit at 2017-11-29 16:40:16
INFO [2017-11-29 16:40:16] Info for beats in class 'Lab', method 'initialize. Initialized Lab: beats
INFO [2017-11-29 16:40:16] Info for nlpStudio in class 'NLPStudio', method 'initialize. Accepted visitor, VValidatorAddChild at 2017-11-29 16:40:16
INFO [2017-11-29 16:40:16] Info for nlpStudio in class 'NLPStudio', method 'initialize. Accepted visitor, VValidatorAddChild at 2017-11-29 16:40:16
INFO [2017-11-29 16:40:16] Info for nlpStudioTests$logs in class 'NLPStudio', method 'addChild. blue lab successfully added to NLPStudio.
INFO [2017-11-29 16:40:16] Info for nlpStudio in class 'NLPStudio', method 'initialize. Current lab changed to blue. 
INFO [2017-11-29 16:42:32] Info for beats in class 'Lab', method 'initialize. Accepted visitor, VValidatorInit at 2017-11-29 16:42:32
INFO [2017-11-29 16:42:32] Info for beats in class 'Lab', method 'initialize. Initialized Lab: beats
INFO [2017-11-29 16:42:32] Info for nlpStudio in class 'NLPStudio', method 'initialize. Accepted visitor, VValidatorAddChild at 2017-11-29 16:42:32
INFO [2017-11-29 16:42:32] Info for nlpStudio in class 'NLPStudio', method 'initialize. Accepted visitor, VValidatorAddChild at 2017-11-29 16:42:32
INFO [2017-11-29 16:42:32] Info for nlpStudioTests$logs in class 'NLPStudio', method 'addChild. blue lab successfully added to NLPStudio.
INFO [2017-11-29 16:42:32] Info for nlpStudio in class 'NLPStudio', method 'initialize. Current lab changed to blue. 
INFO [2017-11-29 16:43:06] Info for beats in class 'Lab', method 'initialize. Accepted visitor, VValidatorInit at 2017-11-29 16:43:06
INFO [2017-11-29 16:43:06] Info for beats in class 'Lab', method 'initialize. Initialized Lab: beats
INFO [2017-11-29 16:43:06] Info for nlpStudio in class 'NLPStudio', method 'initialize. Accepted visitor, VValidatorAddChild at 2017-11-29 16:43:06
INFO [2017-11-29 16:43:06] Info for nlpStudio in class 'NLPStudio', method 'initialize. Accepted visitor, VValidatorAddChild at 2017-11-29 16:43:06
INFO [2017-11-29 16:43:06] Info for nlpStudioTests$logs in class 'NLPStudio', method 'addChild. blue lab successfully added to NLPStudio.
INFO [2017-11-29 16:43:06] Info for nlpStudio in class 'NLPStudio', method 'initialize. Current lab changed to blue. 
INFO [2017-11-29 16:43:34] Info for beats in class 'Lab', method 'initialize. Accepted visitor, VValidatorInit at 2017-11-29 16:43:34
INFO [2017-11-29 16:43:34] Info for beats in class 'Lab', method 'initialize. Initialized Lab: beats
INFO [2017-11-29 16:43:34] Info for nlpStudio in class 'NLPStudio', method 'initialize. Accepted visitor, VValidatorAddChild at 2017-11-29 16:43:34
INFO [2017-11-29 16:43:34] Info for nlpStudio in class 'NLPStudio', method 'initialize. Accepted visitor, VValidatorAddChild at 2017-11-29 16:43:34
INFO [2017-11-29 16:44:15] Info for beats in class 'Lab', method 'initialize. Accepted visitor, VValidatorInit at 2017-11-29 16:44:15
INFO [2017-11-29 16:44:15] Info for beats in class 'Lab', method 'initialize. Initialized Lab: beats
INFO [2017-11-29 16:44:15] Info for nlpStudio in class 'NLPStudio', method 'initialize. Accepted visitor, VValidatorAddChild at 2017-11-29 16:44:15
INFO [2017-11-29 16:44:15] Info for nlpStudio in class 'NLPStudio', method 'initialize. Accepted visitor, VValidatorAddChild at 2017-11-29 16:44:15
INFO [2017-11-29 16:44:46] Info for beats in class 'Lab', method 'initialize. Accepted visitor, VValidatorInit at 2017-11-29 16:44:46
INFO [2017-11-29 16:44:46] Info for beats in class 'Lab', method 'initialize. Initialized Lab: beats
INFO [2017-11-29 16:44:46] Info for nlpStudio in class 'NLPStudio', method 'initialize. Accepted visitor, VValidatorAddChild at 2017-11-29 16:44:46
INFO [2017-11-29 16:44:46] Info for nlpStudio in class 'NLPStudio', method 'initialize. Accepted visitor, VValidatorAddChild at 2017-11-29 16:44:46
INFO [2017-11-29 16:44:46] Info for nlpStudioTests$logs in class 'NLPStudio', method 'addChild. blue lab successfully added to NLPStudio.
INFO [2017-11-29 16:44:46] Info for nlpStudio in class 'NLPStudio', method 'initialize. Current lab changed to blue. 
INFO [2017-11-29 16:45:30] Info for beats in class 'Lab', method 'initialize. Accepted visitor, VValidatorInit at 2017-11-29 16:45:30
INFO [2017-11-29 16:45:30] Info for beats in class 'Lab', method 'initialize. Initialized Lab: beats
INFO [2017-11-29 16:45:30] Info for nlpStudio in class 'NLPStudio', method 'initialize. Accepted visitor, VValidatorAddChild at 2017-11-29 16:45:30
INFO [2017-11-29 16:45:30] Info for nlpStudio in class 'NLPStudio', method 'initialize. Accepted visitor, VValidatorAddChild at 2017-11-29 16:45:30
INFO [2017-11-29 16:45:30] Info for nlpStudioTests$logs in class 'NLPStudio', method 'addChild. blue lab successfully added to NLPStudio.
INFO [2017-11-29 16:45:30] Info for nlpStudio in class 'NLPStudio', method 'initialize. Current lab changed to blue. 
INFO [2017-11-29 16:47:12] Info for beats in class 'Lab', method 'initialize. Accepted visitor, VValidatorInit at 2017-11-29 16:47:12
INFO [2017-11-29 16:47:12] Info for beats in class 'Lab', method 'initialize. Initialized Lab: beats
INFO [2017-11-29 16:47:12] Info for nlpStudio in class 'NLPStudio', method 'initialize. Accepted visitor, VValidatorAddChild at 2017-11-29 16:47:12
INFO [2017-11-29 16:47:12] Info for nlpStudio in class 'NLPStudio', method 'initialize. Accepted visitor, VValidatorAddChild at 2017-11-29 16:47:12
INFO [2017-11-29 16:47:12] Info for nlpStudioTests$logs in class 'NLPStudio', method 'addChild. blue lab successfully added to NLPStudio.
INFO [2017-11-29 16:47:12] Info for nlpStudio in class 'NLPStudio', method 'initialize. Current lab changed to blue. 
INFO [2017-11-29 16:48:28] Info for beats in class 'Lab', method 'initialize. Accepted visitor, VValidatorInit at 2017-11-29 16:48:28
INFO [2017-11-29 16:48:28] Info for beats in class 'Lab', method 'initialize. Initialized Lab: beats
INFO [2017-11-29 16:48:28] Info for nlpStudio in class 'NLPStudio', method 'initialize. Accepted visitor, VValidatorAddChild at 2017-11-29 16:48:28
INFO [2017-11-29 16:48:28] Info for nlpStudio in class 'NLPStudio', method 'initialize. Accepted visitor, VValidatorAddChild at 2017-11-29 16:48:28
INFO [2017-11-29 16:48:28] Info for nlpStudioTests$logs in class 'NLPStudio', method 'addChild. blue lab successfully added to NLPStudio.
INFO [2017-11-29 16:48:28] Info for nlpStudio in class 'NLPStudio', method 'initialize. Current lab changed to blue. 
INFO [2017-11-29 16:48:54] Info for beats in class 'Lab', method 'initialize. Accepted visitor, VValidatorInit at 2017-11-29 16:48:54
INFO [2017-11-29 16:48:54] Info for beats in class 'Lab', method 'initialize. Initialized Lab: beats
INFO [2017-11-29 16:48:54] Info for nlpStudio in class 'NLPStudio', method 'initialize. Accepted visitor, VValidatorAddChild at 2017-11-29 16:48:54
INFO [2017-11-29 16:48:54] Info for nlpStudio in class 'NLPStudio', method 'initialize. Accepted visitor, VValidatorAddChild at 2017-11-29 16:48:54
INFO [2017-11-29 16:48:54] Info for nlpStudioTests$logs in class 'NLPStudio', method 'addChild. blue lab successfully added to NLPStudio.
INFO [2017-11-29 16:48:54] Info for nlpStudio in class 'NLPStudio', method 'initialize. Current lab changed to blue. 
INFO [2017-11-29 16:48:54] Info for nlpStudioTests$logs in class 'NLPStudio', method 'currentLab. Current lab set to blue
INFO [2017-11-29 16:49:06] Info for beats in class 'Lab', method 'initialize. Accepted visitor, VValidatorInit at 2017-11-29 16:49:06
INFO [2017-11-29 16:49:06] Info for beats in class 'Lab', method 'initialize. Initialized Lab: beats
INFO [2017-11-29 16:49:06] Info for nlpStudio in class 'NLPStudio', method 'initialize. Accepted visitor, VValidatorAddChild at 2017-11-29 16:49:06
INFO [2017-11-29 16:49:06] Info for nlpStudio in class 'NLPStudio', method 'initialize. Accepted visitor, VValidatorAddChild at 2017-11-29 16:49:06
INFO [2017-11-29 16:49:06] Info for nlpStudioTests$logs in class 'NLPStudio', method 'addChild. blue lab successfully added to NLPStudio.
INFO [2017-11-29 16:49:06] Info for nlpStudio in class 'NLPStudio', method 'initialize. Current lab changed to blue. 
INFO [2017-11-29 16:49:07] Info for nlpStudioTests$logs in class 'NLPStudio', method 'currentLab. Current lab set to blue
