INFO [2017-11-28 00:01:30] Info for nlpStudio in class 'NLPStudio', method 'initialize. with variable 'nlpStudio'. Initialized NLPStudio
INFO [2017-11-28 00:03:34] Info for nlpStudio in class 'NLPStudio', method 'initialize. with variable 'nlpStudio'. Initialized NLPStudio
INFO [2017-11-28 00:06:29] Info for nlpStudio in class 'NLPStudio', method 'initialize. with variable 'nlpStudio'. Initialized NLPStudio
INFO [2017-11-28 00:06:29] Info for logTest$log in class 'NLPStudio', method 'initiate. Successfully created nlpStudio
INFO [2017-11-28 00:07:33] Info for nlpStudio in class 'NLPStudio', method 'initialize. with variable 'nlpStudio'. Initialized NLPStudio
INFO [2017-11-28 00:07:33] Info for logTest$log in class 'NLPStudio', method 'initialize. Successfully created nlpStudio
INFO [2017-11-28 00:27:34] Info for nlpStudio in class 'NLPStudio', method 'initialize. with variable 'nlpStudio'. Initialized NLPStudio
INFO [2017-11-28 00:27:34] Info for logTest$log in class 'NLPStudio', method 'initialize. Successfully created nlpStudio
INFO [2017-11-28 00:30:26] Info for nlpStudio in class 'NLPStudio', method 'initialize. with variable 'nlpStudio'. Initialized NLPStudio
INFO [2017-11-28 00:30:26] Info for logTest$log in class 'NLPStudio', method 'initialize. Successfully created nlpStudio
INFO [2017-11-28 00:34:06] Info for nlpStudio in class 'NLPStudio', method 'initialize. with variable 'nlpStudio'. Initialized NLPStudio
INFO [2017-11-28 00:34:06] Info for logTest$log in class 'NLPStudio', method 'initialize. Successfully created nlpStudio
INFO [2017-11-28 00:35:19] Info for nlpStudio in class 'NLPStudio', method 'initialize. with variable 'nlpStudio'. Initialized NLPStudio
INFO [2017-11-28 00:37:43] Info for nlpStudio in class 'NLPStudio', method 'initialize. with variable 'nlpStudio'. Initialized NLPStudio
INFO [2017-11-28 00:37:54] Info for nlpStudio in class 'NLPStudio', method 'initialize. with variable 'nlpStudio'. Initialized NLPStudio
INFO [2017-11-28 00:38:02] Info for nlpStudio in class 'NLPStudio', method 'initialize. with variable 'nlpStudio'. Initialized NLPStudio
INFO [2017-11-28 00:40:17] Info for nlpStudio in class 'NLPStudio', method 'initialize. with variable 'nlpStudio'. Initialized NLPStudio
INFO [2017-11-28 00:40:44] Info for nlpStudio in class 'NLPStudio', method 'initialize. with variable 'nlpStudio'. Initialized NLPStudio
INFO [2017-11-28 01:01:54] Info for nlpStudio in class 'NLPStudio', method 'initialize. with variable 'nlpStudio'. Initialized NLPStudio
INFO [2017-11-28 17:33:59] Info for nlpStudio in class 'NLPStudio', method 'initialize. with variable 'NA'. Initialized NLPStudio.
INFO [2017-11-28 17:34:52] Info for nlpStudio in class 'NLPStudio', method 'initialize. with variable 'NA'. Initialized NLPStudio.
INFO [2017-11-28 22:15:02] Info for nlpStudio in class 'NLPStudio', method 'initialize. Initialized NLPStudio.
INFO [2017-11-28 22:15:38] Info for nlpStudio in class 'NLPStudio', method 'initialize. Initialized NLPStudio.
INFO [2017-11-28 22:15:56] Info for nlpStudio in class 'NLPStudio', method 'initialize. Initialized NLPStudio.
INFO [2017-11-28 23:00:40] Info for nlpStudio in class 'NLPStudio', method 'initialize. Initialized NLPStudio.
INFO [2017-11-28 23:01:07] Info for nlpStudio in class 'NLPStudio', method 'initialize. Accepted visitor, VValidatorAddChild at 2017-11-28 23:01:07
INFO [2017-11-28 23:01:07] Info for nlpStudio in class 'NLPStudio', method 'initialize. Unable to add NLPStudio class object to an object of class NLPStudio.See ?NLPStudio for further assistance.
INFO [2017-11-28 23:04:24] Info for nlpStudio in class 'NLPStudio', method 'initialize. Initialized NLPStudio.
INFO [2017-11-28 23:04:33] Info for nlpStudio in class 'NLPStudio', method 'initialize. Accepted visitor, VValidatorAddChild at 2017-11-28 23:04:33
INFO [2017-11-28 23:06:47] Info for nlpStudio in class 'NLPStudio', method 'initialize. Initialized NLPStudio.
INFO [2017-11-28 23:06:54] Info for nlpStudio in class 'NLPStudio', method 'initialize. Accepted visitor, VValidatorAddChild at 2017-11-28 23:06:54
INFO [2017-11-28 23:10:38] Info for nlpStudio in class 'NLPStudio', method 'initialize. Initialized NLPStudio.
INFO [2017-11-28 23:10:44] Info for nlpStudio in class 'NLPStudio', method 'initialize. Accepted visitor, VValidatorAddChild at 2017-11-28 23:10:44
INFO [2017-11-28 23:12:57] Info for nlpStudio in class 'NLPStudio', method 'initialize. Initialized NLPStudio.
INFO [2017-11-28 23:13:01] Info for nlpStudio in class 'NLPStudio', method 'initialize. Accepted visitor, VValidatorAddChild at 2017-11-28 23:13:01
INFO [2017-11-28 23:23:00] Info for nlpStudio in class 'NLPStudio', method 'initialize. Initialized NLPStudio.
INFO [2017-11-28 23:25:42] Info for nlpStudio in class 'NLPStudio', method 'initialize. Initialized NLPStudio.
INFO [2017-11-28 23:26:09] Info for nlpStudio in class 'NLPStudio', method 'initialize. Initialized NLPStudio.
INFO [2017-11-28 23:26:19] Info for nlpStudio in class 'NLPStudio', method 'initialize. Accepted visitor, VValidatorAddChild at 2017-11-28 23:26:19
INFO [2017-11-28 23:26:19] Info for nlpStudio in class 'NLPStudio', method 'initialize. Accepted visitor, VValidatorAddChild at 2017-11-28 23:26:19
INFO [2017-11-28 23:29:41] Info for nlpStudio in class 'NLPStudio', method 'initialize. Initialized NLPStudio.
INFO [2017-11-28 23:29:41] Info for nlpStudio in class 'NLPStudio', method 'initialize. Initialized NLPStudio.
INFO [2017-11-28 23:29:41] Info for nlpStudio in class 'NLPStudio', method 'initialize. Accepted visitor, VValidatorAddChild at 2017-11-28 23:29:41
INFO [2017-11-28 23:29:41] Info for nlpStudio in class 'NLPStudio', method 'initialize. Accepted visitor, VValidatorAddChild at 2017-11-28 23:29:41
INFO [2017-11-28 23:32:53] Info for nlpStudio in class 'NLPStudio', method 'initialize. Initialized NLPStudio.
INFO [2017-11-28 23:32:53] Info for nlpStudio in class 'NLPStudio', method 'initialize. Initialized NLPStudio.
INFO [2017-11-28 23:32:53] Info for nlpStudio in class 'NLPStudio', method 'initialize. Accepted visitor, VValidatorAddChild at 2017-11-28 23:32:53
INFO [2017-11-28 23:32:53] Info for nlpStudio in class 'NLPStudio', method 'initialize. Accepted visitor, VValidatorAddChild at 2017-11-28 23:32:53
INFO [2017-11-28 23:34:10] Info for nlpStudio in class 'NLPStudio', method 'initialize. Initialized NLPStudio.
INFO [2017-11-28 23:34:10] Info for nlpStudio in class 'NLPStudio', method 'initialize. Initialized NLPStudio.
INFO [2017-11-28 23:34:10] Info for nlpStudio in class 'NLPStudio', method 'initialize. Accepted visitor, VValidatorAddChild at 2017-11-28 23:34:10
INFO [2017-11-28 23:34:10] Info for nlpStudio in class 'NLPStudio', method 'initialize. Accepted visitor, VValidatorAddChild at 2017-11-28 23:34:10
INFO [2017-11-28 23:35:24] Info for nlpStudio in class 'NLPStudio', method 'initialize. Initialized NLPStudio.
INFO [2017-11-28 23:35:24] Info for nlpStudio in class 'NLPStudio', method 'initialize. Initialized NLPStudio.
INFO [2017-11-28 23:35:24] Info for nlpStudio in class 'NLPStudio', method 'initialize. Accepted visitor, VValidatorAddChild at 2017-11-28 23:35:24
INFO [2017-11-28 23:35:24] Info for nlpStudio in class 'NLPStudio', method 'initialize. Accepted visitor, VValidatorAddChild at 2017-11-28 23:35:24
INFO [2017-11-28 23:37:58] Info for nlpStudio in class 'NLPStudio', method 'initialize. Initialized NLPStudio.
INFO [2017-11-28 23:38:41] Info for nlpStudio in class 'NLPStudio', method 'initialize. Initialized NLPStudio.
INFO [2017-11-28 23:39:34] Info for nlpStudio in class 'NLPStudio', method 'initialize. Initialized NLPStudio.
INFO [2017-11-28 23:39:34] Info for nlpStudio in class 'NLPStudio', method 'initialize. Accepted visitor, VValidatorAddChild at 2017-11-28 23:39:34
INFO [2017-11-28 23:39:34] Info for nlpStudio in class 'NLPStudio', method 'initialize. Accepted visitor, VValidatorAddChild at 2017-11-28 23:39:34
INFO [2017-11-28 23:43:12] Info for nlpStudio in class 'NLPStudio', method 'initialize. Initialized NLPStudio.
INFO [2017-11-28 23:43:12] Info for nlpStudio in class 'NLPStudio', method 'initialize. Initialized NLPStudio.
INFO [2017-11-28 23:43:12] Info for nlpStudio in class 'NLPStudio', method 'initialize. Accepted visitor, VValidatorAddChild at 2017-11-28 23:43:12
INFO [2017-11-28 23:43:12] Info for nlpStudio in class 'NLPStudio', method 'initialize. Accepted visitor, VValidatorAddChild at 2017-11-28 23:43:12
INFO [2017-11-28 23:47:17] Info for nlpStudio in class 'NLPStudio', method 'initialize. Initialized NLPStudio.
INFO [2017-11-28 23:47:17] Info for nlpStudio in class 'NLPStudio', method 'initialize. Initialized NLPStudio.
INFO [2017-11-28 23:47:17] Info for nlpStudio in class 'NLPStudio', method 'initialize. Accepted visitor, VValidatorAddChild at 2017-11-28 23:47:17
INFO [2017-11-28 23:47:17] Info for nlpStudio in class 'NLPStudio', method 'initialize. Accepted visitor, VValidatorAddChild at 2017-11-28 23:47:17
INFO [2017-11-28 23:50:00] Info for nlpStudio in class 'NLPStudio', method 'initialize. Initialized NLPStudio.
INFO [2017-11-28 23:50:00] Info for nlpStudio in class 'NLPStudio', method 'initialize. Initialized NLPStudio.
INFO [2017-11-28 23:50:00] Info for nlpStudio in class 'NLPStudio', method 'initialize. Accepted visitor, VValidatorAddChild at 2017-11-28 23:50:00
INFO [2017-11-28 23:50:00] Info for nlpStudio in class 'NLPStudio', method 'initialize. Accepted visitor, VValidatorAddChild at 2017-11-28 23:50:00
INFO [2017-11-28 23:50:15] Info for nlpStudio in class 'NLPStudio', method 'initialize. Initialized NLPStudio.
INFO [2017-11-28 23:51:00] Info for nlpStudio in class 'NLPStudio', method 'initialize. Initialized NLPStudio.
INFO [2017-11-28 23:53:14] Info for nlpStudio in class 'NLPStudio', method 'initialize. Initialized NLPStudio.
INFO [2017-11-28 23:53:15] Info for nlpStudio in class 'NLPStudio', method 'initialize. Initialized NLPStudio.
INFO [2017-11-28 23:53:15] Info for nlpStudio in class 'NLPStudio', method 'initialize. Accepted visitor, VValidatorAddChild at 2017-11-28 23:53:15
INFO [2017-11-28 23:53:15] Info for nlpStudio in class 'NLPStudio', method 'initialize. Accepted visitor, VValidatorAddChild at 2017-11-28 23:53:15
INFO [2017-11-28 23:53:44] Info for nlpStudio in class 'NLPStudio', method 'initialize. Initialized NLPStudio.
INFO [2017-11-28 23:53:44] Info for nlpStudio in class 'NLPStudio', method 'initialize. Initialized NLPStudio.
INFO [2017-11-28 23:53:44] Info for nlpStudio in class 'NLPStudio', method 'initialize. Accepted visitor, VValidatorAddChild at 2017-11-28 23:53:44
INFO [2017-11-28 23:53:44] Info for nlpStudio in class 'NLPStudio', method 'initialize. Accepted visitor, VValidatorAddChild at 2017-11-28 23:53:44
INFO [2017-11-28 23:53:44] Info for nlpStudioTests$logs in class 'NLPStudio', method 'addChild. blue lab successfully added to NLPStudio.
INFO [2017-11-29 13:50:59] Info for nlpStudio in class 'NLPStudio', method 'initialize. Initialized NLPStudio.
INFO [2017-11-29 13:50:59] Info for nlpStudio in class 'NLPStudio', method 'initialize. Initialized NLPStudio.
INFO [2017-11-29 13:50:59] Info for nlpStudio in class 'NLPStudio', method 'initialize. Accepted visitor, VValidatorAddChild at 2017-11-29 13:50:59
INFO [2017-11-29 13:50:59] Info for nlpStudio in class 'NLPStudio', method 'initialize. Accepted visitor, VValidatorAddChild at 2017-11-29 13:50:59
INFO [2017-11-29 13:51:33] Info for nlpStudio in class 'NLPStudio', method 'initialize. Initialized NLPStudio.
INFO [2017-11-29 13:51:33] Info for nlpStudio in class 'NLPStudio', method 'initialize. Initialized NLPStudio.
INFO [2017-11-29 13:51:33] Info for nlpStudio in class 'NLPStudio', method 'initialize. Accepted visitor, VValidatorAddChild at 2017-11-29 13:51:33
INFO [2017-11-29 13:51:33] Info for nlpStudio in class 'NLPStudio', method 'initialize. Accepted visitor, VValidatorAddChild at 2017-11-29 13:51:33
INFO [2017-11-29 13:51:33] Info for nlpStudioTests$logs in class 'NLPStudio', method 'addChild. blue lab successfully added to NLPStudio.
INFO [2017-11-29 13:51:34] Info for nlpStudio in class 'NLPStudio', method 'initialize. Initialized NLPStudio.
INFO [2017-11-29 13:51:34] Info for nlpStudio in class 'NLPStudio', method 'initialize. Accepted visitor, VValidatorAddChild at 2017-11-29 13:51:34
INFO [2017-11-29 13:51:34] Info for nlpStudio in class 'NLPStudio', method 'initialize. Accepted visitor, VValidatorAddChild at 2017-11-29 13:51:34
INFO [2017-11-29 13:53:01] Info for nlpStudio in class 'NLPStudio', method 'initialize. Initialized NLPStudio.
INFO [2017-11-29 13:53:02] Info for nlpStudio in class 'NLPStudio', method 'initialize. Initialized NLPStudio.
INFO [2017-11-29 13:53:02] Info for nlpStudio in class 'NLPStudio', method 'initialize. Accepted visitor, VValidatorAddChild at 2017-11-29 13:53:02
INFO [2017-11-29 13:53:02] Info for nlpStudio in class 'NLPStudio', method 'initialize. Accepted visitor, VValidatorAddChild at 2017-11-29 13:53:02
INFO [2017-11-29 13:53:02] Info for nlpStudioTests$logs in class 'NLPStudio', method 'addChild. blue lab successfully added to NLPStudio.
INFO [2017-11-29 13:53:56] Info for nlpStudio in class 'NLPStudio', method 'initialize. Initialized NLPStudio.
INFO [2017-11-29 13:53:56] Info for nlpStudio in class 'NLPStudio', method 'initialize. Initialized NLPStudio.
INFO [2017-11-29 13:53:56] Info for nlpStudio in class 'NLPStudio', method 'initialize. Accepted visitor, VValidatorAddChild at 2017-11-29 13:53:56
INFO [2017-11-29 13:53:56] Info for nlpStudio in class 'NLPStudio', method 'initialize. Accepted visitor, VValidatorAddChild at 2017-11-29 13:53:56
INFO [2017-11-29 13:53:56] Info for nlpStudioTests$logs in class 'NLPStudio', method 'addChild. blue lab successfully added to NLPStudio.
INFO [2017-11-29 13:53:56] Info for nlpStudio in class 'NLPStudio', method 'initialize. Initialized NLPStudio.
INFO [2017-11-29 13:53:56] Info for nlpStudio in class 'NLPStudio', method 'initialize. Accepted visitor, VValidatorAddChild at 2017-11-29 13:53:56
INFO [2017-11-29 13:53:56] Info for nlpStudio in class 'NLPStudio', method 'initialize. Accepted visitor, VValidatorAddChild at 2017-11-29 13:53:56
INFO [2017-11-29 13:55:01] Info for nlpStudio in class 'NLPStudio', method 'initialize. Initialized NLPStudio.
INFO [2017-11-29 13:55:01] Info for nlpStudio in class 'NLPStudio', method 'initialize. Initialized NLPStudio.
INFO [2017-11-29 13:55:01] Info for nlpStudio in class 'NLPStudio', method 'initialize. Accepted visitor, VValidatorAddChild at 2017-11-29 13:55:01
INFO [2017-11-29 13:55:01] Info for nlpStudio in class 'NLPStudio', method 'initialize. Accepted visitor, VValidatorAddChild at 2017-11-29 13:55:01
INFO [2017-11-29 13:55:01] Info for nlpStudioTests$logs in class 'NLPStudio', method 'addChild. blue lab successfully added to NLPStudio.
INFO [2017-11-29 14:02:10] Info for nlpStudio in class 'NLPStudio', method 'initialize. Initialized NLPStudio.
INFO [2017-11-29 14:02:10] Info for nlpStudio in class 'NLPStudio', method 'initialize. Initialized NLPStudio.
INFO [2017-11-29 14:02:10] Info for nlpStudio in class 'NLPStudio', method 'initialize. Accepted visitor, VValidatorAddChild at 2017-11-29 14:02:10
INFO [2017-11-29 14:02:10] Info for nlpStudio in class 'NLPStudio', method 'initialize. Accepted visitor, VValidatorAddChild at 2017-11-29 14:02:10
INFO [2017-11-29 14:02:10] Info for nlpStudioTests$logs in class 'NLPStudio', method 'addChild. blue lab successfully added to NLPStudio.
INFO [2017-11-29 16:22:52] Info for nlpStudio in class 'NLPStudio', method 'initialize. Initialized NLPStudio.
INFO [2017-11-29 16:22:52] Info for nlpStudio in class 'NLPStudio', method 'initialize. Initialized NLPStudio.
INFO [2017-11-29 16:22:52] Info for nlpStudio in class 'NLPStudio', method 'initialize. Accepted visitor, VValidatorAddChild at 2017-11-29 16:22:52
INFO [2017-11-29 16:22:52] Info for nlpStudio in class 'NLPStudio', method 'initialize. Accepted visitor, VValidatorAddChild at 2017-11-29 16:22:52
INFO [2017-11-29 16:22:52] Info for nlpStudioTests$logs in class 'NLPStudio', method 'addChild. blue lab successfully added to NLPStudio.
INFO [2017-11-29 16:23:34] Info for nlpStudio in class 'NLPStudio', method 'initialize. Initialized NLPStudio.
INFO [2017-11-29 16:23:35] Info for nlpStudio in class 'NLPStudio', method 'initialize. Initialized NLPStudio.
INFO [2017-11-29 16:23:35] Info for nlpStudio in class 'NLPStudio', method 'initialize. Accepted visitor, VValidatorAddChild at 2017-11-29 16:23:35
INFO [2017-11-29 16:23:35] Info for nlpStudio in class 'NLPStudio', method 'initialize. Accepted visitor, VValidatorAddChild at 2017-11-29 16:23:35
INFO [2017-11-29 16:23:35] Info for nlpStudioTests$logs in class 'NLPStudio', method 'addChild. blue lab successfully added to NLPStudio.
INFO [2017-11-29 16:24:21] Info for nlpStudio in class 'NLPStudio', method 'initialize. Initialized NLPStudio.
INFO [2017-11-29 16:24:22] Info for nlpStudio in class 'NLPStudio', method 'initialize. Initialized NLPStudio.
INFO [2017-11-29 16:24:22] Info for nlpStudio in class 'NLPStudio', method 'initialize. Accepted visitor, VValidatorAddChild at 2017-11-29 16:24:22
INFO [2017-11-29 16:24:22] Info for nlpStudio in class 'NLPStudio', method 'initialize. Accepted visitor, VValidatorAddChild at 2017-11-29 16:24:22
INFO [2017-11-29 16:24:22] Info for nlpStudioTests$logs in class 'NLPStudio', method 'addChild. blue lab successfully added to NLPStudio.
INFO [2017-11-29 16:24:44] Info for nlpStudio in class 'NLPStudio', method 'initialize. Initialized NLPStudio.
INFO [2017-11-29 16:24:44] Info for nlpStudio in class 'NLPStudio', method 'initialize. Initialized NLPStudio.
INFO [2017-11-29 16:24:44] Info for nlpStudio in class 'NLPStudio', method 'initialize. Accepted visitor, VValidatorAddChild at 2017-11-29 16:24:44
INFO [2017-11-29 16:24:44] Info for nlpStudio in class 'NLPStudio', method 'initialize. Accepted visitor, VValidatorAddChild at 2017-11-29 16:24:44
INFO [2017-11-29 16:24:44] Info for nlpStudioTests$logs in class 'NLPStudio', method 'addChild. blue lab successfully added to NLPStudio.
INFO [2017-11-29 16:24:59] Info for nlpStudio in class 'NLPStudio', method 'initialize. Initialized NLPStudio.
INFO [2017-11-29 16:24:59] Info for nlpStudio in class 'NLPStudio', method 'initialize. Initialized NLPStudio.
INFO [2017-11-29 16:24:59] Info for nlpStudio in class 'NLPStudio', method 'initialize. Accepted visitor, VValidatorAddChild at 2017-11-29 16:24:59
INFO [2017-11-29 16:24:59] Info for nlpStudio in class 'NLPStudio', method 'initialize. Accepted visitor, VValidatorAddChild at 2017-11-29 16:24:59
INFO [2017-11-29 16:24:59] Info for nlpStudioTests$logs in class 'NLPStudio', method 'addChild. blue lab successfully added to NLPStudio.
INFO [2017-11-29 16:38:31] Info for nlpStudio in class 'NLPStudio', method 'initialize. Initialized NLPStudio.
INFO [2017-11-29 16:38:31] Info for nlpStudio in class 'NLPStudio', method 'initialize. Initialized NLPStudio.
INFO [2017-11-29 16:38:31] Info for nlpStudio in class 'NLPStudio', method 'initialize. Accepted visitor, VValidatorAddChild at 2017-11-29 16:38:31
INFO [2017-11-29 16:38:31] Info for nlpStudio in class 'NLPStudio', method 'initialize. Accepted visitor, VValidatorAddChild at 2017-11-29 16:38:31
INFO [2017-11-29 16:38:31] Info for nlpStudioTests$logs in class 'NLPStudio', method 'addChild. blue lab successfully added to NLPStudio.
INFO [2017-11-29 16:39:05] Info for nlpStudio in class 'NLPStudio', method 'initialize. Initialized NLPStudio.
INFO [2017-11-29 16:39:05] Info for nlpStudio in class 'NLPStudio', method 'initialize. Initialized NLPStudio.
INFO [2017-11-29 16:39:05] Info for nlpStudio in class 'NLPStudio', method 'initialize. Accepted visitor, VValidatorAddChild at 2017-11-29 16:39:05
INFO [2017-11-29 16:39:05] Info for nlpStudio in class 'NLPStudio', method 'initialize. Accepted visitor, VValidatorAddChild at 2017-11-29 16:39:05
INFO [2017-11-29 16:39:05] Info for nlpStudioTests$logs in class 'NLPStudio', method 'addChild. blue lab successfully added to NLPStudio.
INFO [2017-11-29 16:40:15] Info for nlpStudio in class 'NLPStudio', method 'initialize. Initialized NLPStudio.
INFO [2017-11-29 16:40:15] Info for nlpStudio in class 'NLPStudio', method 'initialize. Initialized NLPStudio.
INFO [2017-11-29 16:40:15] Info for nlpStudio in class 'NLPStudio', method 'initialize. Accepted visitor, VValidatorAddChild at 2017-11-29 16:40:15
INFO [2017-11-29 16:40:15] Info for nlpStudio in class 'NLPStudio', method 'initialize. Accepted visitor, VValidatorAddChild at 2017-11-29 16:40:15
INFO [2017-11-29 16:40:15] Info for nlpStudioTests$logs in class 'NLPStudio', method 'addChild. blue lab successfully added to NLPStudio.
INFO [2017-11-29 16:42:32] Info for nlpStudio in class 'NLPStudio', method 'initialize. Initialized NLPStudio.
INFO [2017-11-29 16:42:32] Info for nlpStudio in class 'NLPStudio', method 'initialize. Initialized NLPStudio.
INFO [2017-11-29 16:42:32] Info for nlpStudio in class 'NLPStudio', method 'initialize. Accepted visitor, VValidatorAddChild at 2017-11-29 16:42:32
INFO [2017-11-29 16:42:32] Info for nlpStudio in class 'NLPStudio', method 'initialize. Accepted visitor, VValidatorAddChild at 2017-11-29 16:42:32
INFO [2017-11-29 16:42:32] Info for nlpStudioTests$logs in class 'NLPStudio', method 'addChild. blue lab successfully added to NLPStudio.
INFO [2017-11-29 16:43:06] Info for nlpStudio in class 'NLPStudio', method 'initialize. Initialized NLPStudio.
INFO [2017-11-29 16:43:06] Info for nlpStudio in class 'NLPStudio', method 'initialize. Initialized NLPStudio.
INFO [2017-11-29 16:43:06] Info for nlpStudio in class 'NLPStudio', method 'initialize. Accepted visitor, VValidatorAddChild at 2017-11-29 16:43:06
INFO [2017-11-29 16:43:06] Info for nlpStudio in class 'NLPStudio', method 'initialize. Accepted visitor, VValidatorAddChild at 2017-11-29 16:43:06
INFO [2017-11-29 16:43:06] Info for nlpStudioTests$logs in class 'NLPStudio', method 'addChild. blue lab successfully added to NLPStudio.
INFO [2017-11-29 16:43:34] Info for nlpStudio in class 'NLPStudio', method 'initialize. Initialized NLPStudio.
INFO [2017-11-29 16:43:34] Info for nlpStudio in class 'NLPStudio', method 'initialize. Initialized NLPStudio.
INFO [2017-11-29 16:43:34] Info for nlpStudio in class 'NLPStudio', method 'initialize. Accepted visitor, VValidatorAddChild at 2017-11-29 16:43:34
INFO [2017-11-29 16:43:34] Info for nlpStudio in class 'NLPStudio', method 'initialize. Accepted visitor, VValidatorAddChild at 2017-11-29 16:43:34
INFO [2017-11-29 16:43:34] Info for nlpStudioTests$logs in class 'NLPStudio', method 'addChild. blue lab successfully added to NLPStudio.
INFO [2017-11-29 16:44:15] Info for nlpStudio in class 'NLPStudio', method 'initialize. Initialized NLPStudio.
INFO [2017-11-29 16:44:15] Info for nlpStudio in class 'NLPStudio', method 'initialize. Initialized NLPStudio.
INFO [2017-11-29 16:44:15] Info for nlpStudio in class 'NLPStudio', method 'initialize. Accepted visitor, VValidatorAddChild at 2017-11-29 16:44:15
INFO [2017-11-29 16:44:15] Info for nlpStudio in class 'NLPStudio', method 'initialize. Accepted visitor, VValidatorAddChild at 2017-11-29 16:44:15
INFO [2017-11-29 16:44:15] Info for nlpStudioTests$logs in class 'NLPStudio', method 'addChild. blue lab successfully added to NLPStudio.
INFO [2017-11-29 16:44:46] Info for nlpStudio in class 'NLPStudio', method 'initialize. Initialized NLPStudio.
INFO [2017-11-29 16:44:46] Info for nlpStudio in class 'NLPStudio', method 'initialize. Initialized NLPStudio.
INFO [2017-11-29 16:44:46] Info for nlpStudio in class 'NLPStudio', method 'initialize. Accepted visitor, VValidatorAddChild at 2017-11-29 16:44:46
INFO [2017-11-29 16:44:46] Info for nlpStudio in class 'NLPStudio', method 'initialize. Accepted visitor, VValidatorAddChild at 2017-11-29 16:44:46
INFO [2017-11-29 16:44:46] Info for nlpStudioTests$logs in class 'NLPStudio', method 'addChild. blue lab successfully added to NLPStudio.
INFO [2017-11-29 16:45:29] Info for nlpStudio in class 'NLPStudio', method 'initialize. Initialized NLPStudio.
INFO [2017-11-29 16:45:30] Info for nlpStudio in class 'NLPStudio', method 'initialize. Initialized NLPStudio.
INFO [2017-11-29 16:45:30] Info for nlpStudio in class 'NLPStudio', method 'initialize. Accepted visitor, VValidatorAddChild at 2017-11-29 16:45:30
INFO [2017-11-29 16:45:30] Info for nlpStudio in class 'NLPStudio', method 'initialize. Accepted visitor, VValidatorAddChild at 2017-11-29 16:45:30
INFO [2017-11-29 16:45:30] Info for nlpStudioTests$logs in class 'NLPStudio', method 'addChild. blue lab successfully added to NLPStudio.
INFO [2017-11-29 16:47:12] Info for nlpStudio in class 'NLPStudio', method 'initialize. Initialized NLPStudio.
INFO [2017-11-29 16:47:12] Info for nlpStudio in class 'NLPStudio', method 'initialize. Initialized NLPStudio.
INFO [2017-11-29 16:47:12] Info for nlpStudio in class 'NLPStudio', method 'initialize. Accepted visitor, VValidatorAddChild at 2017-11-29 16:47:12
INFO [2017-11-29 16:47:12] Info for nlpStudio in class 'NLPStudio', method 'initialize. Accepted visitor, VValidatorAddChild at 2017-11-29 16:47:12
INFO [2017-11-29 16:47:12] Info for nlpStudioTests$logs in class 'NLPStudio', method 'addChild. blue lab successfully added to NLPStudio.
INFO [2017-11-29 16:48:28] Info for nlpStudio in class 'NLPStudio', method 'initialize. Initialized NLPStudio.
INFO [2017-11-29 16:48:28] Info for nlpStudio in class 'NLPStudio', method 'initialize. Initialized NLPStudio.
INFO [2017-11-29 16:48:28] Info for nlpStudio in class 'NLPStudio', method 'initialize. Accepted visitor, VValidatorAddChild at 2017-11-29 16:48:28
INFO [2017-11-29 16:48:28] Info for nlpStudio in class 'NLPStudio', method 'initialize. Accepted visitor, VValidatorAddChild at 2017-11-29 16:48:28
INFO [2017-11-29 16:48:28] Info for nlpStudioTests$logs in class 'NLPStudio', method 'addChild. blue lab successfully added to NLPStudio.
INFO [2017-11-29 16:48:54] Info for nlpStudio in class 'NLPStudio', method 'initialize. Initialized NLPStudio.
INFO [2017-11-29 16:48:54] Info for nlpStudio in class 'NLPStudio', method 'initialize. Initialized NLPStudio.
INFO [2017-11-29 16:48:54] Info for nlpStudio in class 'NLPStudio', method 'initialize. Accepted visitor, VValidatorAddChild at 2017-11-29 16:48:54
INFO [2017-11-29 16:48:54] Info for nlpStudio in class 'NLPStudio', method 'initialize. Accepted visitor, VValidatorAddChild at 2017-11-29 16:48:54
INFO [2017-11-29 16:48:54] Info for nlpStudioTests$logs in class 'NLPStudio', method 'addChild. blue lab successfully added to NLPStudio.
INFO [2017-11-29 16:49:06] Info for nlpStudio in class 'NLPStudio', method 'initialize. Initialized NLPStudio.
INFO [2017-11-29 16:49:06] Info for nlpStudio in class 'NLPStudio', method 'initialize. Initialized NLPStudio.
INFO [2017-11-29 16:49:06] Info for nlpStudio in class 'NLPStudio', method 'initialize. Accepted visitor, VValidatorAddChild at 2017-11-29 16:49:06
INFO [2017-11-29 16:49:06] Info for nlpStudio in class 'NLPStudio', method 'initialize. Accepted visitor, VValidatorAddChild at 2017-11-29 16:49:06
INFO [2017-11-29 16:49:06] Info for nlpStudioTests$logs in class 'NLPStudio', method 'addChild. blue lab successfully added to NLPStudio.
