INFO [2017-12-11 06:33:26] Info in class 'CorpusSourceWeb', method 'initialize. Corpus web sourcing initiated for http://d396qusza40orc.cloudfront.net/dsscapstone/dataset/Coursera-SwiftKey.zip.
INFO [2017-12-11 06:33:32] Info in class 'CorpusSourceWeb', method 'initialize. Corpus web sourcing initiated for http://d396qusza40orc.cloudfront.net/dsscapstone/dataset/Coursera-SwiftKey.zip.
INFO [2017-12-11 06:34:07] Info in class 'CorpusSourceWeb', method 'initialize. Corpus web sourcing initiated for http://d396qusza40orc.cloudfront.net/dsscapstone/dataset/Coursera-SwiftKey.zip.
INFO [2017-12-11 06:35:55] Info in class 'CorpusSourceWeb', method 'initialize. Corpus web sourcing initiated for http://d396qusza40orc.cloudfront.net/dsscapstone/dataset/Coursera-SwiftKey.zip.
INFO [2017-12-11 06:37:17] Info in class 'CorpusSourceWeb', method 'initialize. Corpus web sourcing initiated for http://d396qusza40orc.cloudfront.net/dsscapstone/dataset/Coursera-SwiftKey.zip.
INFO [2017-12-11 06:40:39] Info in class 'CorpusSourceWeb', method 'initialize. Corpus web sourcing initiated for http://d396qusza40orc.cloudfront.net/dsscapstone/dataset/Coursera-SwiftKey.zip.
INFO [2017-12-11 15:25:21] Info in class 'CorpusSourceWeb', method 'initialize. Corpus web sourcing initiated for http://d396qusza40orc.cloudfront.net/dsscapstone/dataset/Coursera-SwiftKey.zip.
INFO [2017-12-11 22:23:41] Info in class 'Document', method 'initialize. Document en_US.blogs instantiated at 2017-12-11 22:23:41
INFO [2017-12-11 22:23:41] Info in class 'Document', method 'initialize. Successfully initialized document
INFO [2017-12-11 22:23:41] Info in class 'Document', method 'getClassName. Successfully obtained class name
INFO [2017-12-11 22:23:41] Info in class 'Document', method 'getName. Successfully obtained name
INFO [2017-12-11 22:23:41] Info in class 'Document', method 'getFileName. Successfully obtained file name
INFO [2017-12-11 22:23:41] Info in class 'Document', method 'getPath. Successfully obtained path
INFO [2017-12-11 22:23:41] Info in class 'Document', method 'getIO. Successfully obtained IO
INFO [2017-12-11 22:23:41] Info in class 'Document', method 'read. Read en_US.blogs.txt. 
INFO [2017-12-11 22:23:41] Info in class 'Document', method 'write. Wrote en_US.blogs.txt. 
INFO [2017-12-11 22:23:41] Info in class 'Document', method 'read. Read en_US.blogs.txt. 
INFO [2017-12-11 22:23:41] Info in class 'Document', method 'write. Wrote en_US.blogs.txt. 
INFO [2017-12-11 22:23:42] Info in class 'Document', method 'write. Wrote en_US.blogs.txt. 
INFO [2017-12-11 22:23:42] Info in class 'Document', method 'read. Read en_US.blogs.txt. 
INFO [2017-12-11 22:23:42] Info in class 'Document', method 'read. Successfully read the document in txt format
INFO [2017-12-11 22:23:42] Info in class 'Document', method 'read. Successfully read the document in bin format
INFO [2017-12-11 22:23:42] Info in class 'Document', method 'read. Successfully read the document in archive (bzip2) format
INFO [2017-12-11 22:23:42] Info in class 'Document', method 'write. Successfully wrote the document in txt format
INFO [2017-12-11 22:23:42] Info in class 'Document', method 'write. Successfully wrote the document in bin format
INFO [2017-12-11 22:23:42] Info in class 'Document', method 'write. Successfully wrote the document in archive (bzip2) format
INFO [2017-12-11 22:35:27] Info in class 'Document', method 'initialize. Document en_US.blogs instantiated at 2017-12-11 22:35:27
INFO [2017-12-11 22:35:27] Info in class 'Document', method 'initialize. Successfully initialized document
INFO [2017-12-11 22:35:27] Info in class 'Document', method 'getClassName. Successfully obtained class name
INFO [2017-12-11 22:35:27] Info in class 'Document', method 'getName. Successfully obtained name
INFO [2017-12-11 22:35:27] Info in class 'Document', method 'getFileName. Successfully obtained file name
INFO [2017-12-11 22:35:27] Info in class 'Document', method 'getPath. Successfully obtained path
INFO [2017-12-11 22:35:27] Info in class 'Document', method 'getIO. Successfully obtained IO
INFO [2017-12-11 22:35:27] Info in class 'Document', method 'read. Read en_US.blogs.txt. 
INFO [2017-12-11 22:35:27] Info in class 'Document', method 'write. Wrote en_US.blogs.txt. 
INFO [2017-12-11 22:35:27] Info in class 'Document', method 'read. Read en_US.blogs.txt. 
INFO [2017-12-11 22:35:27] Info in class 'Document', method 'write. Wrote en_US.blogs.txt. 
INFO [2017-12-11 22:35:27] Info in class 'Document', method 'write. Wrote en_US.blogs.txt. 
INFO [2017-12-11 22:35:27] Info in class 'Document', method 'read. Read en_US.blogs.txt. 
INFO [2017-12-11 22:35:27] Info in class 'Document', method 'read. Successfully read the document in txt format
INFO [2017-12-11 22:35:27] Info in class 'Document', method 'read. Successfully read the document in bin format
INFO [2017-12-11 22:35:27] Info in class 'Document', method 'read. Successfully read the document in archive (bzip2) format
INFO [2017-12-11 22:35:27] Info in class 'Document', method 'write. Successfully wrote the document in txt format
INFO [2017-12-11 22:35:27] Info in class 'Document', method 'write. Successfully wrote the document in bin format
INFO [2017-12-11 22:35:27] Info in class 'Document', method 'write. Successfully wrote the document in archive (bzip2) format
